<?xml version="1.0" encoding="UTF-8"?>
<!-- Generated by org.testng.reporters.JUnitReportReporter -->
<testsuite hostname="CHEN-BRajkumar" name="Create_Shortcodes" tests="1" failures="0" timestamp="6 Dec 2013 18:02:38 GMT" time="0.013" errors="0">
  <testcase name="createshortcode" time="0.013" classname="Create_Shortcodes"/>
</testsuite> <!-- Create_Shortcodes -->
